2020-12-11 15:59:02,021 INFO  [org.jboss.modules] (main) JBoss Modules version 1.10.2.Final
2020-12-11 15:59:05,057 INFO  [org.jboss.msc] (main) JBoss MSC version 1.4.12.Final
2020-12-11 15:59:05,075 INFO  [org.jboss.threads] (main) JBoss Threads version 2.4.0.Final
2020-12-11 15:59:05,264 INFO  [org.jboss.as] (MSC service thread 1-2) WFLYSRV0049: WildFly Full 21.0.0.Final (WildFly Core 13.0.1.Final) starting
2020-12-11 15:59:05,268 DEBUG [org.jboss.as.config] (MSC service thread 1-2) Configured system properties:
	file.encoding = Cp1252
	file.separator = \
	java.awt.headless = true
	java.class.path = C:\Users\clement\Desktop\Perso Clem\ESEO\I3\Composants Logiciels\Servers\wildfly-21.0.0.Final_Projet\jboss-modules.jar
	java.class.version = 58.0
	java.home = C:\Users\clement\.p2\pool\plugins\org.eclipse.justj.openjdk.hotspot.jre.full.win32.x86_64_14.0.2.v20200815-0932\jre
	java.io.tmpdir = C:\Users\clement\AppData\Local\Temp\
	java.library.path = C:\Users\clement\.p2\pool\plugins\org.eclipse.justj.openjdk.hotspot.jre.full.win32.x86_64_14.0.2.v20200815-0932\jre\bin;C:\WINDOWS\Sun\Java\bin;C:\WINDOWS\system32;C:\WINDOWS;native;C:/Users/clement/.p2/pool/plugins/org.eclipse.justj.openjdk.hotspot.jre.full.win32.x86_64_14.0.2.v20200815-0932/jre/bin/server;C:/Users/clement/.p2/pool/plugins/org.eclipse.justj.openjdk.hotspot.jre.full.win32.x86_64_14.0.2.v20200815-0932/jre/bin;C:\Program Files\Java\jdk-14.0.2\bin;C:\Program Files (x86)\Common Files\Oracle\Java\javapath;C:\Users\clement\Documents\OracleXE\dbhomeXE\bin;C:\Windows\system32;C:\Windows;C:\Windows\System32\Wbem;C:\Windows\System32\WindowsPowerShell\v1.0\;C:\Windows\System32\OpenSSH\;C:\Program Files\NVIDIA Corporation\NVIDIA NvDLISR;C:\Program Files\dotnet\;C:\Program Files\MySQL\MySQL Server 8.0\bin;C:\Program Files (x86)\NVIDIA Corporation\PhysX\Common;C:\Program Files\Java\jdk1.8.0_241\bin;C:\WINDOWS\system32;C:\WINDOWS;C:\WINDOWS\System32\Wbem;C:\WINDOWS\System32\WindowsPowerShell\v1.0\;C:\WINDOWS\System32\OpenSSH\;C:\Program Files\Git\cmd;C:\Users\clement\AppData\Local\Programs\Python\Python38\Scripts\;C:\Users\clement\AppData\Local\Programs\Python\Python38\;C:\Program Files\MySQL\MySQL Shell 8.0\bin\;C:\Users\clement\AppData\Local\Microsoft\WindowsApps;C:\Users\clement\AppData\Local\Programs\Microsoft VS Code\bin;C:\Users\clement\AppData\Local\GitHubDesktop\bin;C:\Users\clement\AppData\Local\Microsoft\WindowsApps;C:\Program Files\JetBrains\PyCharm Community Edition 2020.2.2\bin;;C:\WINDOWS\system32;;.
	java.net.preferIPv4Stack = true
	java.runtime.name = OpenJDK Runtime Environment
	java.runtime.version = 14.0.2+12-46
	java.specification.name = Java Platform API Specification
	java.specification.vendor = Oracle Corporation
	java.specification.version = 14
	java.util.logging.manager = org.jboss.logmanager.LogManager
	java.vendor = Oracle Corporation
	java.vendor.url = https://java.oracle.com/
	java.vendor.url.bug = https://bugreport.java.com/bugreport/
	java.version = 14.0.2
	java.version.date = 2020-07-14
	java.vm.compressedOopsMode = 32-bit
	java.vm.info = mixed mode
	java.vm.name = OpenJDK 64-Bit Server VM
	java.vm.specification.name = Java Virtual Machine Specification
	java.vm.specification.vendor = Oracle Corporation
	java.vm.specification.version = 14
	java.vm.vendor = Oracle Corporation
	java.vm.version = 14.0.2+12-46
	javax.management.builder.initial = org.jboss.as.jmx.PluggableMBeanServerBuilder
	jboss.bind.address = localhost
	jboss.bind.address.management = localhost
	jboss.home.dir = C:\Users\clement\Desktop\Perso Clem\ESEO\I3\Composants Logiciels\Servers\wildfly-21.0.0.Final_Projet
	jboss.host.name = laptop-i6mgnojc
	jboss.modules.dir = C:\Users\clement\Desktop\Perso Clem\ESEO\I3\Composants Logiciels\Servers\wildfly-21.0.0.Final_Projet\modules
	jboss.modules.system.pkgs = org.jboss.byteman
	jboss.node.name = laptop-i6mgnojc
	jboss.qualified.host.name = laptop-i6mgnojc
	jboss.server.base.dir = C:\Users\clement\Desktop\Perso Clem\ESEO\I3\Composants Logiciels\Servers\wildfly-21.0.0.Final_Projet\standalone
	jboss.server.config.dir = C:\Users\clement\Desktop\Perso Clem\ESEO\I3\Composants Logiciels\Servers\wildfly-21.0.0.Final_Projet\standalone\configuration
	jboss.server.data.dir = C:\Users\clement\Desktop\Perso Clem\ESEO\I3\Composants Logiciels\Servers\wildfly-21.0.0.Final_Projet\standalone\data
	jboss.server.deploy.dir = C:\Users\clement\Desktop\Perso Clem\ESEO\I3\Composants Logiciels\Servers\wildfly-21.0.0.Final_Projet\standalone\data\content
	jboss.server.log.dir = C:\Users\clement\Desktop\Perso Clem\ESEO\I3\Composants Logiciels\Servers\wildfly-21.0.0.Final_Projet\standalone\log
	jboss.server.name = laptop-i6mgnojc
	jboss.server.persist.config = true
	jboss.server.temp.dir = C:\Users\clement\Desktop\Perso Clem\ESEO\I3\Composants Logiciels\Servers\wildfly-21.0.0.Final_Projet\standalone\tmp
	jdk.debug = release
	line.separator = 

	logging.configuration = file:C:\Users\clement\Desktop\Perso Clem\ESEO\I3\Composants Logiciels\Servers\wildfly-21.0.0.Final_Projet\standalone\configuration\logging.properties
	module.path = C:\Users\clement\Desktop\Perso Clem\ESEO\I3\Composants Logiciels\Servers\wildfly-21.0.0.Final_Projet\modules
	org.jboss.boot.log.file = C:\Users\clement\Desktop\Perso Clem\ESEO\I3\Composants Logiciels\Servers\wildfly-21.0.0.Final_Projet\standalone\log\boot.log
	org.jboss.logmanager.nocolor = true
	org.jboss.resolver.warning = true
	os.arch = amd64
	os.name = Windows 10
	os.version = 10.0
	path.separator = ;
	program.name = JBossTools: ProjetEJB
	sun.arch.data.model = 64
	sun.boot.library.path = C:\Users\clement\.p2\pool\plugins\org.eclipse.justj.openjdk.hotspot.jre.full.win32.x86_64_14.0.2.v20200815-0932\jre\bin
	sun.cpu.endian = little
	sun.cpu.isalist = amd64
	sun.io.unicode.encoding = UnicodeLittle
	sun.java.command = org.jboss.modules.Main -mp C:\Users\clement\Desktop\Perso Clem\ESEO\I3\Composants Logiciels\Servers\wildfly-21.0.0.Final_Projet\modules org.jboss.as.standalone -b localhost --server-config=standalone-full.xml -Djboss.server.base.dir=C:\Users\clement\Desktop\Perso Clem\ESEO\I3\Composants Logiciels\Servers\wildfly-21.0.0.Final_Projet\standalone
	sun.java.launcher = SUN_STANDARD
	sun.jnu.encoding = Cp1252
	sun.management.compiler = HotSpot 64-Bit Tiered Compilers
	sun.os.patch.level = 
	sun.rmi.dgc.client.gcInterval = 3600000
	sun.rmi.dgc.server.gcInterval = 3600000
	user.country = FR
	user.dir = C:\Users\clement\Desktop\Perso Clem\ESEO\I3\Composants Logiciels\Servers\wildfly-21.0.0.Final_Projet\bin
	user.home = C:\Users\clement
	user.language = fr
	user.name = cleme
	user.script = 
	user.timezone = Europe/Paris
	user.variant = 
2020-12-11 15:59:05,272 DEBUG [org.jboss.as.config] (MSC service thread 1-2) VM Arguments: -Dprogram.name=JBossTools: ProjetEJB -Xms64m -Xmx512m -Dorg.jboss.resolver.warning=true -Djava.net.preferIPv4Stack=true -Dsun.rmi.dgc.client.gcInterval=3600000 -Dsun.rmi.dgc.server.gcInterval=3600000 -Djboss.modules.system.pkgs=org.jboss.byteman -Djava.awt.headless=true -Dorg.jboss.boot.log.file=C:\Users\clement\Desktop\Perso Clem\ESEO\I3\Composants Logiciels\Servers\wildfly-21.0.0.Final_Projet\standalone\log\boot.log -Dlogging.configuration=file:C:\Users\clement\Desktop\Perso Clem\ESEO\I3\Composants Logiciels\Servers\wildfly-21.0.0.Final_Projet\standalone\configuration\logging.properties -Djboss.home.dir=C:\Users\clement\Desktop\Perso Clem\ESEO\I3\Composants Logiciels\Servers\wildfly-21.0.0.Final_Projet -Dorg.jboss.logmanager.nocolor=true --add-exports=java.base/sun.nio.ch=ALL-UNNAMED --add-exports=jdk.unsupported/sun.misc=ALL-UNNAMED --add-exports=jdk.unsupported/sun.reflect=ALL-UNNAMED --add-modules=java.se -Djboss.bind.address.management=localhost -Dfile.encoding=Cp1252 -XX:+ShowCodeDetailsInExceptionMessages 
2020-12-11 15:59:07,916 INFO  [org.wildfly.security] (ServerService Thread Pool -- 29) ELY00001: WildFly Elytron version 1.13.1.Final
2020-12-11 15:59:12,184 INFO  [org.jboss.as.controller.management-deprecated] (Controller Boot Thread) WFLYCTL0028: Attribute 'security-realm' in the resource at address '/core-service=management/management-interface=http-interface' is deprecated, and may be removed in a future version. See the attribute description in the output of the read-resource-description operation to learn more about the deprecation.
2020-12-11 15:59:12,214 INFO  [org.jboss.as.controller.management-deprecated] (ServerService Thread Pool -- 16) WFLYCTL0028: Attribute 'security-realm' in the resource at address '/subsystem=undertow/server=default-server/https-listener=https' is deprecated, and may be removed in a future version. See the attribute description in the output of the read-resource-description operation to learn more about the deprecation.
2020-12-11 15:59:12,344 INFO  [org.jboss.as.server] (Controller Boot Thread) WFLYSRV0039: Creating http management service using socket-binding (management-http)
2020-12-11 15:59:12,371 INFO  [org.xnio] (MSC service thread 1-6) XNIO version 3.8.2.Final
2020-12-11 15:59:12,386 INFO  [org.xnio.nio] (MSC service thread 1-6) XNIO NIO Implementation Version 3.8.2.Final
2020-12-11 15:59:12,443 INFO  [org.jboss.as.security] (ServerService Thread Pool -- 78) WFLYSEC0002: Activating Security Subsystem
2020-12-11 15:59:12,445 INFO  [org.wildfly.extension.microprofile.config.smallrye._private] (ServerService Thread Pool -- 67) WFLYCONF0001: Activating WildFly MicroProfile Config Subsystem
2020-12-11 15:59:12,459 INFO  [org.jboss.as.clustering.infinispan] (ServerService Thread Pool -- 56) WFLYCLINF0001: Activating Infinispan subsystem.
2020-12-11 15:59:12,459 WARN  [org.jboss.as.txn] (ServerService Thread Pool -- 80) WFLYTX0013: The node-identifier attribute on the /subsystem=transactions is set to the default value. This is a danger for environments running multiple servers. Please make sure the attribute value is unique.
2020-12-11 15:59:12,462 INFO  [org.jboss.as.security] (MSC service thread 1-7) WFLYSEC0001: Current PicketBox version=5.0.3.Final-redhat-00006
2020-12-11 15:59:12,466 INFO  [org.wildfly.iiop.openjdk] (ServerService Thread Pool -- 55) WFLYIIOP0001: Activating IIOP Subsystem
2020-12-11 15:59:12,482 INFO  [org.jboss.as.connector.subsystems.datasources] (ServerService Thread Pool -- 47) WFLYJCA0004: Deploying JDBC-compliant driver class org.h2.Driver (version 1.4)
2020-12-11 15:59:12,496 INFO  [org.jboss.as.webservices] (ServerService Thread Pool -- 82) WFLYWS0002: Activating WebServices Extension
2020-12-11 15:59:12,500 INFO  [org.wildfly.extension.microprofile.jwt.smallrye._private] (ServerService Thread Pool -- 69) WFLYJWT0001: Activating WildFly MicroProfile JWT Subsystem
2020-12-11 15:59:12,501 INFO  [org.wildfly.extension.microprofile.metrics.smallrye] (ServerService Thread Pool -- 70) WFLYMETRICS0001: Activating Eclipse MicroProfile Metrics Subsystem
2020-12-11 15:59:12,502 INFO  [org.wildfly.extension.microprofile.opentracing] (ServerService Thread Pool -- 71) WFLYTRACEXT0001: Activating MicroProfile OpenTracing Subsystem
2020-12-11 15:59:12,505 INFO  [org.jboss.as.naming] (ServerService Thread Pool -- 72) WFLYNAM0001: Activating Naming Subsystem
2020-12-11 15:59:12,518 INFO  [org.wildfly.extension.io] (ServerService Thread Pool -- 57) WFLYIO001: Worker 'default' has auto-configured to 16 IO threads with 128 max task threads based on your 8 available processors
2020-12-11 15:59:12,531 INFO  [org.jboss.remoting] (MSC service thread 1-6) JBoss Remoting version 5.0.19.Final
2020-12-11 15:59:12,538 INFO  [org.jboss.as.naming] (MSC service thread 1-4) WFLYNAM0003: Starting Naming Service
2020-12-11 15:59:12,572 INFO  [org.wildfly.extension.microprofile.health.smallrye] (ServerService Thread Pool -- 68) WFLYHEALTH0001: Activating Eclipse MicroProfile Health Subsystem
2020-12-11 15:59:12,571 INFO  [org.jboss.as.jsf] (ServerService Thread Pool -- 63) WFLYJSF0007: Activated the following JSF Implementations: [main]
2020-12-11 15:59:12,593 INFO  [org.jboss.as.connector] (MSC service thread 1-1) WFLYJCA0009: Starting JCA Subsystem (WildFly/IronJacamar 1.4.23.Final)
2020-12-11 15:59:12,609 INFO  [org.jboss.as.mail.extension] (MSC service thread 1-6) WFLYMAIL0001: Bound mail session [java:jboss/mail/Default]
2020-12-11 15:59:12,628 INFO  [org.jboss.as.connector.deployers.jdbc] (MSC service thread 1-6) WFLYJCA0018: Started Driver service with driver-name = h2
2020-12-11 15:59:12,834 INFO  [org.wildfly.extension.undertow] (MSC service thread 1-4) WFLYUT0003: Undertow 2.2.2.Final starting
2020-12-11 15:59:13,130 INFO  [org.jboss.as.ejb3] (MSC service thread 1-1) WFLYEJB0481: Strict pool slsb-strict-max-pool is using a max instance size of 128 (per class), which is derived from thread worker pool sizing.
2020-12-11 15:59:13,131 INFO  [org.jboss.as.ejb3] (MSC service thread 1-4) WFLYEJB0482: Strict pool mdb-strict-max-pool is using a max instance size of 32 (per class), which is derived from the number of CPUs on this host.
2020-12-11 15:59:13,158 INFO  [org.wildfly.extension.undertow] (ServerService Thread Pool -- 81) WFLYUT0014: Creating file handler for path 'C:\Users\clement\Desktop\Perso Clem\ESEO\I3\Composants Logiciels\Servers\wildfly-21.0.0.Final_Projet/welcome-content' with options [directory-listing: 'false', follow-symlink: 'false', case-sensitive: 'true', safe-symlink-paths: '[]']
2020-12-11 15:59:13,189 INFO  [org.jboss.as.jaxrs] (ServerService Thread Pool -- 58) WFLYRS0016: RESTEasy version 3.13.2.Final
2020-12-11 15:59:13,241 INFO  [org.wildfly.extension.undertow] (MSC service thread 1-1) WFLYUT0012: Started server default-server.
2020-12-11 15:59:13,244 INFO  [org.wildfly.extension.undertow] (MSC service thread 1-4) WFLYUT0018: Host default-host starting
2020-12-11 15:59:13,867 INFO  [org.wildfly.extension.undertow] (MSC service thread 1-4) WFLYUT0006: Undertow HTTP listener default listening on 127.0.0.1:8080
2020-12-11 15:59:13,942 INFO  [org.jboss.as.ejb3] (MSC service thread 1-7) WFLYEJB0493: EJB subsystem suspension complete
2020-12-11 15:59:14,048 INFO  [org.jboss.as.connector.subsystems.datasources] (MSC service thread 1-2) WFLYJCA0001: Bound data source [java:jboss/datasources/ExampleDS]
2020-12-11 15:59:14,248 INFO  [org.wildfly.iiop.openjdk] (MSC service thread 1-8) WFLYIIOP0009: CORBA ORB Service started
2020-12-11 15:59:17,552 INFO  [org.jboss.as.patching] (MSC service thread 1-8) WFLYPAT0050: WildFly Full cumulative patch ID is: base, one-off patches include: none
2020-12-11 15:59:17,559 INFO  [org.wildfly.extension.messaging-activemq] (MSC service thread 1-2) WFLYMSGAMQ0001: AIO wasn't located on this platform, it will fall back to using pure Java NIO.
2020-12-11 15:59:17,572 WARN  [org.jboss.as.domain.management.security] (MSC service thread 1-7) WFLYDM0111: Keystore C:\Users\clement\Desktop\Perso Clem\ESEO\I3\Composants Logiciels\Servers\wildfly-21.0.0.Final_Projet\standalone\configuration\application.keystore not found, it will be auto generated on first use with a self signed certificate for host localhost
