2021-01-05 10:40:45,507 INFO  [org.jboss.as.server.deployment.scanner] (MSC service thread 1-2) WFLYDS0013: Started FileSystemDeploymentService for directory C:\Users\clement\Desktop\Perso Clem\ESEO\I3\Composants Logiciels\Projet\Bean-Project-ESEO\wildfly-21.0.0.Final_Projet\standalone\deployments
2021-01-05 10:40:45,617 INFO  [org.apache.activemq.artemis.core.server] (ServerService Thread Pool -- 84) AMQ221000: live Message Broker is starting with configuration Broker Configuration (clustered=false,journalDirectory=C:\Users\clement\Desktop\Perso Clem\ESEO\I3\Composants Logiciels\Projet\Bean-Project-ESEO\wildfly-21.0.0.Final_Projet\standalone\data\activemq\journal,bindingsDirectory=C:\Users\clement\Desktop\Perso Clem\ESEO\I3\Composants Logiciels\Projet\Bean-Project-ESEO\wildfly-21.0.0.Final_Projet\standalone\data\activemq\bindings,largeMessagesDirectory=C:\Users\clement\Desktop\Perso Clem\ESEO\I3\Composants Logiciels\Projet\Bean-Project-ESEO\wildfly-21.0.0.Final_Projet\standalone\data\activemq\largemessages,pagingDirectory=C:\Users\clement\Desktop\Perso Clem\ESEO\I3\Composants Logiciels\Projet\Bean-Project-ESEO\wildfly-21.0.0.Final_Projet\standalone\data\activemq\paging)
2021-01-05 10:40:45,627 INFO  [org.wildfly.extension.undertow] (MSC service thread 1-6) WFLYUT0006: Undertow HTTPS listener https listening on 127.0.0.1:8443
2021-01-05 10:40:45,662 INFO  [org.apache.activemq.artemis.core.server] (ServerService Thread Pool -- 84) AMQ221013: Using NIO Journal
2021-01-05 10:40:45,769 INFO  [org.apache.activemq.artemis.core.server] (ServerService Thread Pool -- 84) AMQ221043: Protocol module found: [artemis-server]. Adding protocol support for: CORE
2021-01-05 10:40:45,771 INFO  [org.apache.activemq.artemis.core.server] (ServerService Thread Pool -- 84) AMQ221043: Protocol module found: [artemis-amqp-protocol]. Adding protocol support for: AMQP
2021-01-05 10:40:45,772 INFO  [org.apache.activemq.artemis.core.server] (ServerService Thread Pool -- 84) AMQ221043: Protocol module found: [artemis-hornetq-protocol]. Adding protocol support for: HORNETQ
2021-01-05 10:40:45,773 INFO  [org.apache.activemq.artemis.core.server] (ServerService Thread Pool -- 84) AMQ221043: Protocol module found: [artemis-stomp-protocol]. Adding protocol support for: STOMP
2021-01-05 10:40:45,821 INFO  [org.apache.activemq.artemis.core.server] (ServerService Thread Pool -- 84) AMQ221034: Waiting indefinitely to obtain live lock
2021-01-05 10:40:45,822 INFO  [org.apache.activemq.artemis.core.server] (ServerService Thread Pool -- 84) AMQ221035: Live Server Obtained live lock
2021-01-05 10:40:46,719 INFO  [org.jboss.ws.common.management] (MSC service thread 1-3) JBWS022052: Starting JBossWS 5.4.2.Final (Apache CXF 3.3.7) 
2021-01-05 10:40:47,133 INFO  [org.apache.activemq.artemis.core.server] (ServerService Thread Pool -- 84) AMQ221003: Deploying ANYCAST queue jms.queue.ExpiryQueue on address jms.queue.ExpiryQueue
2021-01-05 10:40:47,133 INFO  [org.apache.activemq.artemis.core.server] (ServerService Thread Pool -- 84) AMQ221003: Deploying ANYCAST queue jms.queue.DLQ on address jms.queue.DLQ
2021-01-05 10:40:47,199 INFO  [org.wildfly.extension.messaging-activemq] (MSC service thread 1-3) WFLYMSGAMQ0016: Registered HTTP upgrade for activemq-remoting protocol handled by http-acceptor acceptor
2021-01-05 10:40:47,199 INFO  [org.wildfly.extension.messaging-activemq] (MSC service thread 1-5) WFLYMSGAMQ0016: Registered HTTP upgrade for activemq-remoting protocol handled by http-acceptor-throughput acceptor
2021-01-05 10:40:47,199 INFO  [org.wildfly.extension.messaging-activemq] (MSC service thread 1-7) WFLYMSGAMQ0016: Registered HTTP upgrade for activemq-remoting protocol handled by http-acceptor acceptor
2021-01-05 10:40:47,199 INFO  [org.wildfly.extension.messaging-activemq] (MSC service thread 1-6) WFLYMSGAMQ0016: Registered HTTP upgrade for activemq-remoting protocol handled by http-acceptor-throughput acceptor
2021-01-05 10:40:47,393 INFO  [org.apache.activemq.artemis.core.server] (ServerService Thread Pool -- 84) AMQ221007: Server is now live
2021-01-05 10:40:47,393 INFO  [org.apache.activemq.artemis.core.server] (ServerService Thread Pool -- 84) AMQ221001: Apache ActiveMQ Artemis Message Broker version 2.10.1 [default, nodeID=71c0592f-3bc1-11eb-af1f-80913336cc7d] 
2021-01-05 10:40:47,409 INFO  [org.wildfly.extension.messaging-activemq] (ServerService Thread Pool -- 84) WFLYMSGAMQ0002: Bound messaging object to jndi name java:jboss/exported/jms/RemoteConnectionFactory
2021-01-05 10:40:47,431 INFO  [org.wildfly.extension.messaging-activemq] (ServerService Thread Pool -- 87) WFLYMSGAMQ0002: Bound messaging object to jndi name java:/ConnectionFactory
2021-01-05 10:40:47,487 INFO  [org.jboss.as.connector.deployment] (MSC service thread 1-4) WFLYJCA0007: Registered connection factory java:/JmsXA
2021-01-05 10:40:47,548 INFO  [org.apache.activemq.artemis.ra] (MSC service thread 1-4) AMQ151007: Resource adaptor started
2021-01-05 10:40:47,548 INFO  [org.jboss.as.connector.services.resourceadapters.ResourceAdapterActivatorService$ResourceAdapterActivator] (MSC service thread 1-4) IJ020002: Deployed: file://RaActivatoractivemq-ra
2021-01-05 10:40:47,550 INFO  [org.jboss.as.connector.deployment] (MSC service thread 1-5) WFLYJCA0002: Bound JCA ConnectionFactory [java:/JmsXA]
2021-01-05 10:40:47,550 INFO  [org.jboss.as.connector.deployment] (MSC service thread 1-6) WFLYJCA0118: Binding connection factory named java:/JmsXA to alias java:jboss/DefaultJMSConnectionFactory
2021-01-05 10:40:47,745 INFO  [org.jboss.as.server] (Controller Boot Thread) WFLYSRV0212: Resuming server
2021-01-05 10:40:47,747 INFO  [org.jboss.as] (Controller Boot Thread) WFLYSRV0025: WildFly Full 21.0.0.Final (WildFly Core 13.0.1.Final) started in 17844ms - Started 357 of 620 services (386 services are lazy, passive or on-demand)
2021-01-05 10:40:47,751 INFO  [org.jboss.as] (Controller Boot Thread) WFLYSRV0060: Http management interface listening on http://127.0.0.1:9990/management
2021-01-05 10:40:47,751 INFO  [org.jboss.as] (Controller Boot Thread) WFLYSRV0051: Admin console listening on http://127.0.0.1:9990
2021-01-05 10:42:17,422 INFO  [org.jboss.as.server] (management-handler-thread - 1) WFLYSRV0272: Suspending server
2021-01-05 10:42:17,434 INFO  [org.jboss.as.ejb3] (management-handler-thread - 1) WFLYEJB0493: EJB subsystem suspension complete
2021-01-05 10:42:17,435 INFO  [org.jboss.as.server] (Management Triggered Shutdown) WFLYSRV0241: Shutting down in response to management operation 'shutdown'
2021-01-05 10:42:17,454 INFO  [org.jboss.as.connector.deployment] (MSC service thread 1-2) WFLYJCA0119: Unbinding connection factory named java:/JmsXA to alias java:jboss/DefaultJMSConnectionFactory
2021-01-05 10:42:17,456 INFO  [org.jboss.as.connector.subsystems.datasources] (MSC service thread 1-4) WFLYJCA0010: Unbound data source [java:jboss/datasources/ExampleDS]
2021-01-05 10:42:17,458 INFO  [org.jboss.as.mail.extension] (MSC service thread 1-8) WFLYMAIL0002: Unbound mail session [java:jboss/mail/Default]
2021-01-05 10:42:17,458 INFO  [org.jboss.as.connector.deployment] (MSC service thread 1-4) WFLYJCA0011: Unbound JCA ConnectionFactory [java:/JmsXA]
2021-01-05 10:42:17,460 INFO  [org.wildfly.extension.undertow] (MSC service thread 1-5) WFLYUT0008: Undertow HTTPS listener https suspending
2021-01-05 10:42:17,461 INFO  [org.wildfly.extension.undertow] (MSC service thread 1-5) WFLYUT0007: Undertow HTTPS listener https stopped, was bound to 127.0.0.1:8443
2021-01-05 10:42:17,458 INFO  [org.wildfly.extension.undertow] (MSC service thread 1-1) WFLYUT0019: Host default-host stopping
2021-01-05 10:42:17,465 INFO  [org.jboss.as.connector.deployers.jdbc] (MSC service thread 1-4) WFLYJCA0019: Stopped Driver service with driver-name = h2
2021-01-05 10:42:17,467 INFO  [org.wildfly.extension.messaging-activemq] (ServerService Thread Pool -- 87) WFLYMSGAMQ0006: Unbound messaging object to jndi name java:jboss/exported/jms/RemoteConnectionFactory
2021-01-05 10:42:17,492 INFO  [org.apache.activemq.artemis.ra] (ServerService Thread Pool -- 92) AMQ151003: resource adaptor stopped
2021-01-05 10:42:17,638 INFO  [org.apache.activemq.artemis.core.server] (ServerService Thread Pool -- 92) AMQ221002: Apache ActiveMQ Artemis Message Broker version 2.10.1 [71c0592f-3bc1-11eb-af1f-80913336cc7d] stopped, uptime 1 minute
2021-01-05 10:42:17,640 INFO  [org.wildfly.extension.undertow] (MSC service thread 1-4) WFLYUT0008: Undertow HTTP listener default suspending
2021-01-05 10:42:17,640 INFO  [org.wildfly.extension.undertow] (MSC service thread 1-4) WFLYUT0007: Undertow HTTP listener default stopped, was bound to 127.0.0.1:8080
2021-01-05 10:42:17,641 INFO  [org.wildfly.extension.undertow] (MSC service thread 1-2) WFLYUT0004: Undertow 2.2.2.Final stopping
2021-01-05 10:42:17,649 INFO  [org.jboss.as] (MSC service thread 1-2) WFLYSRV0050: WildFly Full 21.0.0.Final (WildFly Core 13.0.1.Final) stopped in 203ms
2021-01-05 10:43:20,490 INFO  [org.jboss.modules] (main) JBoss Modules version 1.10.2.Final
2021-01-05 10:43:21,155 INFO  [org.jboss.msc] (main) JBoss MSC version 1.4.12.Final
2021-01-05 10:43:21,164 INFO  [org.jboss.threads] (main) JBoss Threads version 2.4.0.Final
2021-01-05 10:43:21,294 INFO  [org.jboss.as] (MSC service thread 1-2) WFLYSRV0049: WildFly Full 21.0.0.Final (WildFly Core 13.0.1.Final) starting
2021-01-05 10:43:21,298 DEBUG [org.jboss.as.config] (MSC service thread 1-2) Configured system properties:
	file.encoding = Cp1252
	file.separator = \
	java.awt.headless = true
	java.class.path = C:\Users\clement\Desktop\Perso Clem\ESEO\I3\Composants Logiciels\Projet\Bean-Project-ESEO\wildfly-21.0.0.Final_Projet\jboss-modules.jar
	java.class.version = 58.0
	java.home = C:\Users\clement\.p2\pool\plugins\org.eclipse.justj.openjdk.hotspot.jre.full.win32.x86_64_14.0.2.v20200815-0932\jre
	java.io.tmpdir = C:\Users\clement\AppData\Local\Temp\
	java.library.path = C:\Users\clement\.p2\pool\plugins\org.eclipse.justj.openjdk.hotspot.jre.full.win32.x86_64_14.0.2.v20200815-0932\jre\bin;C:\WINDOWS\Sun\Java\bin;C:\WINDOWS\system32;C:\WINDOWS;native;C:/Users/clement/.p2/pool/plugins/org.eclipse.justj.openjdk.hotspot.jre.full.win32.x86_64_14.0.2.v20200815-0932/jre/bin/server;C:/Users/clement/.p2/pool/plugins/org.eclipse.justj.openjdk.hotspot.jre.full.win32.x86_64_14.0.2.v20200815-0932/jre/bin;C:\Program Files\Java\jdk-14.0.2\bin;C:\Program Files (x86)\Common Files\Oracle\Java\javapath;C:\Users\clement\Documents\OracleXE\dbhomeXE\bin;C:\Windows\system32;C:\Windows;C:\Windows\System32\Wbem;C:\Windows\System32\WindowsPowerShell\v1.0\;C:\Windows\System32\OpenSSH\;C:\Program Files\NVIDIA Corporation\NVIDIA NvDLISR;C:\Program Files\dotnet\;C:\Program Files\MySQL\MySQL Server 8.0\bin;C:\Program Files (x86)\NVIDIA Corporation\PhysX\Common;C:\Program Files\Java\jdk1.8.0_241\bin;C:\WINDOWS\system32;C:\WINDOWS;C:\WINDOWS\System32\Wbem;C:\WINDOWS\System32\WindowsPowerShell\v1.0\;C:\WINDOWS\System32\OpenSSH\;C:\Program Files\Git\cmd;C:\Users\clement\AppData\Local\Programs\Python\Python38\Scripts\;C:\Users\clement\AppData\Local\Programs\Python\Python38\;C:\Program Files\MySQL\MySQL Shell 8.0\bin\;C:\Users\clement\AppData\Local\Microsoft\WindowsApps;C:\Users\clement\AppData\Local\Programs\Microsoft VS Code\bin;C:\Users\clement\AppData\Local\GitHubDesktop\bin;C:\Users\clement\AppData\Local\Microsoft\WindowsApps;C:\Program Files\JetBrains\PyCharm Community Edition 2020.2.2\bin;;C:\WINDOWS\system32;;.
	java.net.preferIPv4Stack = true
	java.runtime.name = OpenJDK Runtime Environment
	java.runtime.version = 14.0.2+12-46
	java.specification.name = Java Platform API Specification
	java.specification.vendor = Oracle Corporation
	java.specification.version = 14
	java.util.logging.manager = org.jboss.logmanager.LogManager
	java.vendor = Oracle Corporation
	java.vendor.url = https://java.oracle.com/
	java.vendor.url.bug = https://bugreport.java.com/bugreport/
	java.version = 14.0.2
	java.version.date = 2020-07-14
	java.vm.compressedOopsMode = 32-bit
	java.vm.info = mixed mode
	java.vm.name = OpenJDK 64-Bit Server VM
	java.vm.specification.name = Java Virtual Machine Specification
	java.vm.specification.vendor = Oracle Corporation
	java.vm.specification.version = 14
	java.vm.vendor = Oracle Corporation
	java.vm.version = 14.0.2+12-46
	javax.management.builder.initial = org.jboss.as.jmx.PluggableMBeanServerBuilder
	jboss.bind.address = localhost
	jboss.bind.address.management = localhost
	jboss.home.dir = C:\Users\clement\Desktop\Perso Clem\ESEO\I3\Composants Logiciels\Projet\Bean-Project-ESEO\wildfly-21.0.0.Final_Projet
	jboss.host.name = laptop-i6mgnojc
	jboss.modules.dir = C:\Users\clement\Desktop\Perso Clem\ESEO\I3\Composants Logiciels\Projet\Bean-Project-ESEO\wildfly-21.0.0.Final_Projet\modules
	jboss.modules.system.pkgs = org.jboss.byteman
	jboss.node.name = laptop-i6mgnojc
	jboss.qualified.host.name = laptop-i6mgnojc
	jboss.server.base.dir = C:\Users\clement\Desktop\Perso Clem\ESEO\I3\Composants Logiciels\Projet\Bean-Project-ESEO\wildfly-21.0.0.Final_Projet\standalone
	jboss.server.config.dir = C:\Users\clement\Desktop\Perso Clem\ESEO\I3\Composants Logiciels\Projet\Bean-Project-ESEO\wildfly-21.0.0.Final_Projet\standalone\configuration
	jboss.server.data.dir = C:\Users\clement\Desktop\Perso Clem\ESEO\I3\Composants Logiciels\Projet\Bean-Project-ESEO\wildfly-21.0.0.Final_Projet\standalone\data
	jboss.server.deploy.dir = C:\Users\clement\Desktop\Perso Clem\ESEO\I3\Composants Logiciels\Projet\Bean-Project-ESEO\wildfly-21.0.0.Final_Projet\standalone\data\content
	jboss.server.log.dir = C:\Users\clement\Desktop\Perso Clem\ESEO\I3\Composants Logiciels\Projet\Bean-Project-ESEO\wildfly-21.0.0.Final_Projet\standalone\log
	jboss.server.name = laptop-i6mgnojc
	jboss.server.persist.config = true
	jboss.server.temp.dir = C:\Users\clement\Desktop\Perso Clem\ESEO\I3\Composants Logiciels\Projet\Bean-Project-ESEO\wildfly-21.0.0.Final_Projet\standalone\tmp
	jdk.debug = release
	line.separator = 

	logging.configuration = file:C:\Users\clement\Desktop\Perso Clem\ESEO\I3\Composants Logiciels\Projet\Bean-Project-ESEO\wildfly-21.0.0.Final_Projet\standalone\configuration\logging.properties
	module.path = C:\Users\clement\Desktop\Perso Clem\ESEO\I3\Composants Logiciels\Projet\Bean-Project-ESEO\wildfly-21.0.0.Final_Projet\modules
	org.jboss.boot.log.file = C:\Users\clement\Desktop\Perso Clem\ESEO\I3\Composants Logiciels\Projet\Bean-Project-ESEO\wildfly-21.0.0.Final_Projet\standalone\log\boot.log
	org.jboss.logmanager.nocolor = true
	org.jboss.resolver.warning = true
	os.arch = amd64
	os.name = Windows 10
	os.version = 10.0
	path.separator = ;
	program.name = JBossTools: ProjetEJB
	sun.arch.data.model = 64
	sun.boot.library.path = C:\Users\clement\.p2\pool\plugins\org.eclipse.justj.openjdk.hotspot.jre.full.win32.x86_64_14.0.2.v20200815-0932\jre\bin
	sun.cpu.endian = little
	sun.cpu.isalist = amd64
	sun.io.unicode.encoding = UnicodeLittle
	sun.java.command = org.jboss.modules.Main -mp C:\Users\clement\Desktop\Perso Clem\ESEO\I3\Composants Logiciels\Projet\Bean-Project-ESEO\wildfly-21.0.0.Final_Projet\modules org.jboss.as.standalone -b localhost --server-config=standalone-full.xml -Djboss.server.base.dir=C:\Users\clement\Desktop\Perso Clem\ESEO\I3\Composants Logiciels\Projet\Bean-Project-ESEO\wildfly-21.0.0.Final_Projet\standalone
	sun.java.launcher = SUN_STANDARD
	sun.jnu.encoding = Cp1252
	sun.management.compiler = HotSpot 64-Bit Tiered Compilers
	sun.os.patch.level = 
	sun.rmi.dgc.client.gcInterval = 3600000
	sun.rmi.dgc.server.gcInterval = 3600000
	user.country = FR
	user.dir = C:\Users\clement\Desktop\Perso Clem\ESEO\I3\Composants Logiciels\Projet\Bean-Project-ESEO\wildfly-21.0.0.Final_Projet\bin
	user.home = C:\Users\clement
	user.language = fr
	user.name = cleme
	user.script = 
	user.timezone = Europe/Paris
	user.variant = 
2021-01-05 10:43:21,303 DEBUG [org.jboss.as.config] (MSC service thread 1-2) VM Arguments: -Dprogram.name=JBossTools: ProjetEJB -Xms64m -Xmx512m -Dorg.jboss.resolver.warning=true -Djava.net.preferIPv4Stack=true -Dsun.rmi.dgc.client.gcInterval=3600000 -Dsun.rmi.dgc.server.gcInterval=3600000 -Djboss.modules.system.pkgs=org.jboss.byteman -Djava.awt.headless=true -Dorg.jboss.boot.log.file=C:\Users\clement\Desktop\Perso Clem\ESEO\I3\Composants Logiciels\Projet\Bean-Project-ESEO\wildfly-21.0.0.Final_Projet\standalone\log\boot.log -Dlogging.configuration=file:C:\Users\clement\Desktop\Perso Clem\ESEO\I3\Composants Logiciels\Projet\Bean-Project-ESEO\wildfly-21.0.0.Final_Projet\standalone\configuration\logging.properties -Djboss.home.dir=C:\Users\clement\Desktop\Perso Clem\ESEO\I3\Composants Logiciels\Projet\Bean-Project-ESEO\wildfly-21.0.0.Final_Projet -Dorg.jboss.logmanager.nocolor=true --add-exports=java.base/sun.nio.ch=ALL-UNNAMED --add-exports=jdk.unsupported/sun.misc=ALL-UNNAMED --add-exports=jdk.unsupported/sun.reflect=ALL-UNNAMED --add-modules=java.se -Djboss.bind.address.management=localhost -Dfile.encoding=Cp1252 -XX:+ShowCodeDetailsInExceptionMessages 
2021-01-05 10:43:22,329 INFO  [org.wildfly.security] (ServerService Thread Pool -- 29) ELY00001: WildFly Elytron version 1.13.1.Final
2021-01-05 10:43:23,104 INFO  [org.jboss.as.controller.management-deprecated] (Controller Boot Thread) WFLYCTL0028: Attribute 'security-realm' in the resource at address '/core-service=management/management-interface=http-interface' is deprecated, and may be removed in a future version. See the attribute description in the output of the read-resource-description operation to learn more about the deprecation.
2021-01-05 10:43:23,153 INFO  [org.jboss.as.controller.management-deprecated] (ServerService Thread Pool -- 23) WFLYCTL0028: Attribute 'security-realm' in the resource at address '/subsystem=undertow/server=default-server/https-listener=https' is deprecated, and may be removed in a future version. See the attribute description in the output of the read-resource-description operation to learn more about the deprecation.
2021-01-05 10:43:23,242 INFO  [org.jboss.as.server] (Controller Boot Thread) WFLYSRV0039: Creating http management service using socket-binding (management-http)
2021-01-05 10:43:23,263 INFO  [org.xnio] (MSC service thread 1-5) XNIO version 3.8.2.Final
2021-01-05 10:43:23,272 INFO  [org.xnio.nio] (MSC service thread 1-5) XNIO NIO Implementation Version 3.8.2.Final
2021-01-05 10:43:23,354 INFO  [org.jboss.as.naming] (ServerService Thread Pool -- 72) WFLYNAM0001: Activating Naming Subsystem
2021-01-05 10:43:23,357 INFO  [org.wildfly.extension.microprofile.jwt.smallrye._private] (ServerService Thread Pool -- 69) WFLYJWT0001: Activating WildFly MicroProfile JWT Subsystem
2021-01-05 10:43:23,382 INFO  [org.jboss.as.security] (ServerService Thread Pool -- 78) WFLYSEC0002: Activating Security Subsystem
2021-01-05 10:43:23,371 WARN  [org.jboss.as.txn] (ServerService Thread Pool -- 80) WFLYTX0013: The node-identifier attribute on the /subsystem=transactions is set to the default value. This is a danger for environments running multiple servers. Please make sure the attribute value is unique.
2021-01-05 10:43:23,395 INFO  [org.wildfly.extension.microprofile.metrics.smallrye] (ServerService Thread Pool -- 70) WFLYMETRICS0001: Activating Eclipse MicroProfile Metrics Subsystem
2021-01-05 10:43:23,397 INFO  [org.jboss.as.clustering.infinispan] (ServerService Thread Pool -- 56) WFLYCLINF0001: Activating Infinispan subsystem.
2021-01-05 10:43:23,403 INFO  [org.jboss.as.security] (MSC service thread 1-7) WFLYSEC0001: Current PicketBox version=5.0.3.Final-redhat-00006
2021-01-05 10:43:23,386 INFO  [org.wildfly.extension.microprofile.health.smallrye] (ServerService Thread Pool -- 68) WFLYHEALTH0001: Activating Eclipse MicroProfile Health Subsystem
2021-01-05 10:43:23,395 INFO  [org.wildfly.extension.microprofile.config.smallrye._private] (ServerService Thread Pool -- 67) WFLYCONF0001: Activating WildFly MicroProfile Config Subsystem
2021-01-05 10:43:23,418 INFO  [org.jboss.as.jaxrs] (ServerService Thread Pool -- 58) WFLYRS0016: RESTEasy version 3.13.2.Final
2021-01-05 10:43:23,384 INFO  [org.jboss.as.jsf] (ServerService Thread Pool -- 63) WFLYJSF0007: Activated the following JSF Implementations: [main]
2021-01-05 10:43:23,428 INFO  [org.wildfly.extension.undertow] (MSC service thread 1-4) WFLYUT0003: Undertow 2.2.2.Final starting
2021-01-05 10:43:23,434 INFO  [org.wildfly.iiop.openjdk] (ServerService Thread Pool -- 55) WFLYIIOP0001: Activating IIOP Subsystem
2021-01-05 10:43:23,449 INFO  [org.jboss.as.webservices] (ServerService Thread Pool -- 82) WFLYWS0002: Activating WebServices Extension
2021-01-05 10:43:23,500 INFO  [org.wildfly.extension.microprofile.opentracing] (ServerService Thread Pool -- 71) WFLYTRACEXT0001: Activating MicroProfile OpenTracing Subsystem
2021-01-05 10:43:23,500 INFO  [org.jboss.as.connector] (MSC service thread 1-1) WFLYJCA0009: Starting JCA Subsystem (WildFly/IronJacamar 1.4.23.Final)
2021-01-05 10:43:23,551 INFO  [org.jboss.as.naming] (MSC service thread 1-3) WFLYNAM0003: Starting Naming Service
2021-01-05 10:43:23,611 INFO  [org.wildfly.extension.undertow] (ServerService Thread Pool -- 81) WFLYUT0014: Creating file handler for path 'C:\Users\clement\Desktop\Perso Clem\ESEO\I3\Composants Logiciels\Projet\Bean-Project-ESEO\wildfly-21.0.0.Final_Projet/welcome-content' with options [directory-listing: 'false', follow-symlink: 'false', case-sensitive: 'true', safe-symlink-paths: '[]']
2021-01-05 10:43:23,666 INFO  [org.jboss.as.mail.extension] (MSC service thread 1-3) WFLYMAIL0001: Bound mail session [java:jboss/mail/Default]
2021-01-05 10:43:23,753 INFO  [org.jboss.as.connector.subsystems.datasources] (ServerService Thread Pool -- 47) WFLYJCA0004: Deploying JDBC-compliant driver class org.h2.Driver (version 1.4)
2021-01-05 10:43:23,842 INFO  [org.jboss.as.connector.deployers.jdbc] (MSC service thread 1-2) WFLYJCA0018: Started Driver service with driver-name = h2
2021-01-05 10:43:24,388 INFO  [org.wildfly.extension.io] (ServerService Thread Pool -- 57) WFLYIO001: Worker 'default' has auto-configured to 16 IO threads with 128 max task threads based on your 8 available processors
2021-01-05 10:43:24,392 INFO  [org.jboss.as.ejb3] (MSC service thread 1-3) WFLYEJB0481: Strict pool slsb-strict-max-pool is using a max instance size of 128 (per class), which is derived from thread worker pool sizing.
2021-01-05 10:43:24,392 INFO  [org.jboss.as.ejb3] (MSC service thread 1-7) WFLYEJB0482: Strict pool mdb-strict-max-pool is using a max instance size of 32 (per class), which is derived from the number of CPUs on this host.
2021-01-05 10:43:24,426 INFO  [org.jboss.as.patching] (MSC service thread 1-8) WFLYPAT0050: WildFly Full cumulative patch ID is: base, one-off patches include: none
2021-01-05 10:43:24,442 INFO  [org.jboss.remoting] (MSC service thread 1-3) JBoss Remoting version 5.0.19.Final
2021-01-05 10:43:24,458 INFO  [org.wildfly.extension.undertow] (MSC service thread 1-2) WFLYUT0012: Started server default-server.
2021-01-05 10:43:24,460 INFO  [org.wildfly.extension.undertow] (MSC service thread 1-8) WFLYUT0018: Host default-host starting
2021-01-05 10:43:24,466 WARN  [org.jboss.as.domain.management.security] (MSC service thread 1-8) WFLYDM0111: Keystore C:\Users\clement\Desktop\Perso Clem\ESEO\I3\Composants Logiciels\Projet\Bean-Project-ESEO\wildfly-21.0.0.Final_Projet\standalone\configuration\application.keystore not found, it will be auto generated on first use with a self signed certificate for host localhost
2021-01-05 10:43:24,482 INFO  [org.jboss.as.server.deployment.scanner] (MSC service thread 1-5) WFLYDS0013: Started FileSystemDeploymentService for directory C:\Users\clement\Desktop\Perso Clem\ESEO\I3\Composants Logiciels\Projet\Bean-Project-ESEO\wildfly-21.0.0.Final_Projet\standalone\deployments
2021-01-05 10:43:24,524 INFO  [org.wildfly.extension.undertow] (MSC service thread 1-3) WFLYUT0006: Undertow HTTP listener default listening on 127.0.0.1:8080
2021-01-05 10:43:24,563 INFO  [org.wildfly.extension.messaging-activemq] (MSC service thread 1-3) WFLYMSGAMQ0001: AIO wasn't located on this platform, it will fall back to using pure Java NIO.
2021-01-05 10:43:24,627 INFO  [org.wildfly.extension.undertow] (MSC service thread 1-7) WFLYUT0006: Undertow HTTPS listener https listening on 127.0.0.1:8443
2021-01-05 10:43:24,652 INFO  [org.jboss.as.ejb3] (MSC service thread 1-2) WFLYEJB0493: EJB subsystem suspension complete
2021-01-05 10:43:24,659 INFO  [org.apache.activemq.artemis.core.server] (ServerService Thread Pool -- 84) AMQ221000: live Message Broker is starting with configuration Broker Configuration (clustered=false,journalDirectory=C:\Users\clement\Desktop\Perso Clem\ESEO\I3\Composants Logiciels\Projet\Bean-Project-ESEO\wildfly-21.0.0.Final_Projet\standalone\data\activemq\journal,bindingsDirectory=C:\Users\clement\Desktop\Perso Clem\ESEO\I3\Composants Logiciels\Projet\Bean-Project-ESEO\wildfly-21.0.0.Final_Projet\standalone\data\activemq\bindings,largeMessagesDirectory=C:\Users\clement\Desktop\Perso Clem\ESEO\I3\Composants Logiciels\Projet\Bean-Project-ESEO\wildfly-21.0.0.Final_Projet\standalone\data\activemq\largemessages,pagingDirectory=C:\Users\clement\Desktop\Perso Clem\ESEO\I3\Composants Logiciels\Projet\Bean-Project-ESEO\wildfly-21.0.0.Final_Projet\standalone\data\activemq\paging)
2021-01-05 10:43:24,726 INFO  [org.apache.activemq.artemis.core.server] (ServerService Thread Pool -- 84) AMQ221013: Using NIO Journal
2021-01-05 10:43:24,793 INFO  [org.jboss.as.connector.subsystems.datasources] (MSC service thread 1-5) WFLYJCA0001: Bound data source [java:jboss/datasources/ExampleDS]
2021-01-05 10:43:24,784 INFO  [org.wildfly.iiop.openjdk] (MSC service thread 1-4) WFLYIIOP0009: CORBA ORB Service started
2021-01-05 10:43:24,821 INFO  [org.jboss.ws.common.management] (MSC service thread 1-3) JBWS022052: Starting JBossWS 5.4.2.Final (Apache CXF 3.3.7) 
2021-01-05 10:43:24,829 INFO  [org.apache.activemq.artemis.core.server] (ServerService Thread Pool -- 84) AMQ221043: Protocol module found: [artemis-server]. Adding protocol support for: CORE
2021-01-05 10:43:24,831 INFO  [org.apache.activemq.artemis.core.server] (ServerService Thread Pool -- 84) AMQ221043: Protocol module found: [artemis-amqp-protocol]. Adding protocol support for: AMQP
2021-01-05 10:43:24,831 INFO  [org.apache.activemq.artemis.core.server] (ServerService Thread Pool -- 84) AMQ221043: Protocol module found: [artemis-hornetq-protocol]. Adding protocol support for: HORNETQ
2021-01-05 10:43:24,832 INFO  [org.apache.activemq.artemis.core.server] (ServerService Thread Pool -- 84) AMQ221043: Protocol module found: [artemis-stomp-protocol]. Adding protocol support for: STOMP
2021-01-05 10:43:24,896 INFO  [org.apache.activemq.artemis.core.server] (ServerService Thread Pool -- 84) AMQ221034: Waiting indefinitely to obtain live lock
2021-01-05 10:43:24,896 INFO  [org.apache.activemq.artemis.core.server] (ServerService Thread Pool -- 84) AMQ221035: Live Server Obtained live lock
2021-01-05 10:43:26,142 INFO  [org.apache.activemq.artemis.core.server] (ServerService Thread Pool -- 84) AMQ221003: Deploying ANYCAST queue jms.queue.ExpiryQueue on address jms.queue.ExpiryQueue
2021-01-05 10:43:26,143 INFO  [org.apache.activemq.artemis.core.server] (ServerService Thread Pool -- 84) AMQ221003: Deploying ANYCAST queue jms.queue.DLQ on address jms.queue.DLQ
2021-01-05 10:43:26,180 INFO  [org.wildfly.extension.messaging-activemq] (MSC service thread 1-2) WFLYMSGAMQ0016: Registered HTTP upgrade for activemq-remoting protocol handled by http-acceptor-throughput acceptor
2021-01-05 10:43:26,180 INFO  [org.wildfly.extension.messaging-activemq] (MSC service thread 1-7) WFLYMSGAMQ0016: Registered HTTP upgrade for activemq-remoting protocol handled by http-acceptor acceptor
2021-01-05 10:43:26,180 INFO  [org.wildfly.extension.messaging-activemq] (MSC service thread 1-6) WFLYMSGAMQ0016: Registered HTTP upgrade for activemq-remoting protocol handled by http-acceptor-throughput acceptor
2021-01-05 10:43:26,180 INFO  [org.wildfly.extension.messaging-activemq] (MSC service thread 1-3) WFLYMSGAMQ0016: Registered HTTP upgrade for activemq-remoting protocol handled by http-acceptor acceptor
2021-01-05 10:43:26,321 INFO  [org.apache.activemq.artemis.core.server] (ServerService Thread Pool -- 84) AMQ221007: Server is now live
2021-01-05 10:43:26,321 INFO  [org.apache.activemq.artemis.core.server] (ServerService Thread Pool -- 84) AMQ221001: Apache ActiveMQ Artemis Message Broker version 2.10.1 [default, nodeID=71c0592f-3bc1-11eb-af1f-80913336cc7d] 
2021-01-05 10:43:26,331 INFO  [org.wildfly.extension.messaging-activemq] (ServerService Thread Pool -- 84) WFLYMSGAMQ0002: Bound messaging object to jndi name java:/ConnectionFactory
2021-01-05 10:43:26,348 INFO  [org.wildfly.extension.messaging-activemq] (ServerService Thread Pool -- 86) WFLYMSGAMQ0002: Bound messaging object to jndi name java:jboss/exported/jms/RemoteConnectionFactory
2021-01-05 10:43:26,421 INFO  [org.jboss.as.connector.deployment] (MSC service thread 1-5) WFLYJCA0007: Registered connection factory java:/JmsXA
2021-01-05 10:43:26,471 INFO  [org.apache.activemq.artemis.ra] (MSC service thread 1-5) AMQ151007: Resource adaptor started
2021-01-05 10:43:26,472 INFO  [org.jboss.as.connector.services.resourceadapters.ResourceAdapterActivatorService$ResourceAdapterActivator] (MSC service thread 1-5) IJ020002: Deployed: file://RaActivatoractivemq-ra
2021-01-05 10:43:26,473 INFO  [org.jboss.as.connector.deployment] (MSC service thread 1-5) WFLYJCA0002: Bound JCA ConnectionFactory [java:/JmsXA]
2021-01-05 10:43:26,473 INFO  [org.jboss.as.connector.deployment] (MSC service thread 1-6) WFLYJCA0118: Binding connection factory named java:/JmsXA to alias java:jboss/DefaultJMSConnectionFactory
2021-01-05 10:43:26,675 INFO  [org.jboss.as.server] (Controller Boot Thread) WFLYSRV0212: Resuming server
2021-01-05 10:43:26,678 INFO  [org.jboss.as] (Controller Boot Thread) WFLYSRV0025: WildFly Full 21.0.0.Final (WildFly Core 13.0.1.Final) started in 6799ms - Started 357 of 620 services (386 services are lazy, passive or on-demand)
2021-01-05 10:43:26,682 INFO  [org.jboss.as] (Controller Boot Thread) WFLYSRV0060: Http management interface listening on http://127.0.0.1:9990/management
2021-01-05 10:43:26,683 INFO  [org.jboss.as] (Controller Boot Thread) WFLYSRV0051: Admin console listening on http://127.0.0.1:9990
2021-01-05 10:48:03,787 INFO  [org.jboss.as.server] (management-handler-thread - 2) WFLYSRV0272: Suspending server
2021-01-05 10:48:03,798 INFO  [org.jboss.as.ejb3] (management-handler-thread - 2) WFLYEJB0493: EJB subsystem suspension complete
2021-01-05 10:48:03,800 INFO  [org.jboss.as.server] (Management Triggered Shutdown) WFLYSRV0241: Shutting down in response to management operation 'shutdown'
2021-01-05 10:48:03,821 INFO  [org.jboss.as.connector.deployment] (MSC service thread 1-4) WFLYJCA0119: Unbinding connection factory named java:/JmsXA to alias java:jboss/DefaultJMSConnectionFactory
2021-01-05 10:48:03,822 INFO  [org.jboss.as.connector.subsystems.datasources] (MSC service thread 1-5) WFLYJCA0010: Unbound data source [java:jboss/datasources/ExampleDS]
2021-01-05 10:48:03,824 INFO  [org.jboss.as.connector.deployment] (MSC service thread 1-5) WFLYJCA0011: Unbound JCA ConnectionFactory [java:/JmsXA]
2021-01-05 10:48:03,824 INFO  [org.jboss.as.mail.extension] (MSC service thread 1-3) WFLYMAIL0002: Unbound mail session [java:jboss/mail/Default]
2021-01-05 10:48:03,826 INFO  [org.wildfly.extension.undertow] (MSC service thread 1-6) WFLYUT0008: Undertow HTTPS listener https suspending
2021-01-05 10:48:03,827 INFO  [org.wildfly.extension.undertow] (MSC service thread 1-6) WFLYUT0007: Undertow HTTPS listener https stopped, was bound to 127.0.0.1:8443
2021-01-05 10:48:03,828 INFO  [org.wildfly.extension.messaging-activemq] (ServerService Thread Pool -- 21) WFLYMSGAMQ0006: Unbound messaging object to jndi name java:/ConnectionFactory
2021-01-05 10:48:03,831 INFO  [org.wildfly.extension.undertow] (MSC service thread 1-7) WFLYUT0019: Host default-host stopping
2021-01-05 10:48:03,834 INFO  [org.jboss.as.connector.deployers.jdbc] (MSC service thread 1-7) WFLYJCA0019: Stopped Driver service with driver-name = h2
2021-01-05 10:48:03,863 INFO  [org.apache.activemq.artemis.ra] (ServerService Thread Pool -- 94) AMQ151003: resource adaptor stopped
2021-01-05 10:48:03,999 INFO  [org.apache.activemq.artemis.core.server] (ServerService Thread Pool -- 94) AMQ221002: Apache ActiveMQ Artemis Message Broker version 2.10.1 [71c0592f-3bc1-11eb-af1f-80913336cc7d] stopped, uptime 4 minutes
2021-01-05 10:48:04,000 INFO  [org.wildfly.extension.undertow] (MSC service thread 1-1) WFLYUT0008: Undertow HTTP listener default suspending
2021-01-05 10:48:04,001 INFO  [org.wildfly.extension.undertow] (MSC service thread 1-1) WFLYUT0007: Undertow HTTP listener default stopped, was bound to 127.0.0.1:8080
2021-01-05 10:48:04,002 INFO  [org.wildfly.extension.undertow] (MSC service thread 1-5) WFLYUT0004: Undertow 2.2.2.Final stopping
2021-01-05 10:48:04,009 INFO  [org.jboss.as] (MSC service thread 1-2) WFLYSRV0050: WildFly Full 21.0.0.Final (WildFly Core 13.0.1.Final) stopped in 199ms
2021-01-05 10:48:07,349 INFO  [org.jboss.modules] (main) JBoss Modules version 1.10.2.Final
2021-01-05 10:48:07,969 INFO  [org.jboss.msc] (main) JBoss MSC version 1.4.12.Final
2021-01-05 10:48:07,980 INFO  [org.jboss.threads] (main) JBoss Threads version 2.4.0.Final
2021-01-05 10:48:08,108 INFO  [org.jboss.as] (MSC service thread 1-2) WFLYSRV0049: WildFly Full 21.0.0.Final (WildFly Core 13.0.1.Final) starting
2021-01-05 10:48:08,110 DEBUG [org.jboss.as.config] (MSC service thread 1-2) Configured system properties:
	file.encoding = Cp1252
	file.separator = \
	java.awt.headless = true
	java.class.path = C:\Users\clement\Desktop\Perso Clem\ESEO\I3\Composants Logiciels\Projet\Bean-Project-ESEO\wildfly-21.0.0.Final_Projet\jboss-modules.jar
	java.class.version = 58.0
	java.home = C:\Users\clement\.p2\pool\plugins\org.eclipse.justj.openjdk.hotspot.jre.full.win32.x86_64_14.0.2.v20200815-0932\jre
	java.io.tmpdir = C:\Users\clement\AppData\Local\Temp\
	java.library.path = C:\Users\clement\.p2\pool\plugins\org.eclipse.justj.openjdk.hotspot.jre.full.win32.x86_64_14.0.2.v20200815-0932\jre\bin;C:\WINDOWS\Sun\Java\bin;C:\WINDOWS\system32;C:\WINDOWS;native;C:/Users/clement/.p2/pool/plugins/org.eclipse.justj.openjdk.hotspot.jre.full.win32.x86_64_14.0.2.v20200815-0932/jre/bin/server;C:/Users/clement/.p2/pool/plugins/org.eclipse.justj.openjdk.hotspot.jre.full.win32.x86_64_14.0.2.v20200815-0932/jre/bin;C:\Program Files\Java\jdk-14.0.2\bin;C:\Program Files (x86)\Common Files\Oracle\Java\javapath;C:\Users\clement\Documents\OracleXE\dbhomeXE\bin;C:\Windows\system32;C:\Windows;C:\Windows\System32\Wbem;C:\Windows\System32\WindowsPowerShell\v1.0\;C:\Windows\System32\OpenSSH\;C:\Program Files\NVIDIA Corporation\NVIDIA NvDLISR;C:\Program Files\dotnet\;C:\Program Files\MySQL\MySQL Server 8.0\bin;C:\Program Files (x86)\NVIDIA Corporation\PhysX\Common;C:\Program Files\Java\jdk1.8.0_241\bin;C:\WINDOWS\system32;C:\WINDOWS;C:\WINDOWS\System32\Wbem;C:\WINDOWS\System32\WindowsPowerShell\v1.0\;C:\WINDOWS\System32\OpenSSH\;C:\Program Files\Git\cmd;C:\Users\clement\AppData\Local\Programs\Python\Python38\Scripts\;C:\Users\clement\AppData\Local\Programs\Python\Python38\;C:\Program Files\MySQL\MySQL Shell 8.0\bin\;C:\Users\clement\AppData\Local\Microsoft\WindowsApps;C:\Users\clement\AppData\Local\Programs\Microsoft VS Code\bin;C:\Users\clement\AppData\Local\GitHubDesktop\bin;C:\Users\clement\AppData\Local\Microsoft\WindowsApps;C:\Program Files\JetBrains\PyCharm Community Edition 2020.2.2\bin;;C:\WINDOWS\system32;;.
	java.net.preferIPv4Stack = true
	java.runtime.name = OpenJDK Runtime Environment
	java.runtime.version = 14.0.2+12-46
	java.specification.name = Java Platform API Specification
	java.specification.vendor = Oracle Corporation
	java.specification.version = 14
	java.util.logging.manager = org.jboss.logmanager.LogManager
	java.vendor = Oracle Corporation
	java.vendor.url = https://java.oracle.com/
	java.vendor.url.bug = https://bugreport.java.com/bugreport/
	java.version = 14.0.2
	java.version.date = 2020-07-14
	java.vm.compressedOopsMode = 32-bit
	java.vm.info = mixed mode
	java.vm.name = OpenJDK 64-Bit Server VM
	java.vm.specification.name = Java Virtual Machine Specification
	java.vm.specification.vendor = Oracle Corporation
	java.vm.specification.version = 14
	java.vm.vendor = Oracle Corporation
	java.vm.version = 14.0.2+12-46
	javax.management.builder.initial = org.jboss.as.jmx.PluggableMBeanServerBuilder
	jboss.bind.address = localhost
	jboss.bind.address.management = localhost
	jboss.home.dir = C:\Users\clement\Desktop\Perso Clem\ESEO\I3\Composants Logiciels\Projet\Bean-Project-ESEO\wildfly-21.0.0.Final_Projet
	jboss.host.name = laptop-i6mgnojc
	jboss.modules.dir = C:\Users\clement\Desktop\Perso Clem\ESEO\I3\Composants Logiciels\Projet\Bean-Project-ESEO\wildfly-21.0.0.Final_Projet\modules
	jboss.modules.system.pkgs = org.jboss.byteman
	jboss.node.name = laptop-i6mgnojc
	jboss.qualified.host.name = laptop-i6mgnojc
	jboss.server.base.dir = C:\Users\clement\Desktop\Perso Clem\ESEO\I3\Composants Logiciels\Projet\Bean-Project-ESEO\wildfly-21.0.0.Final_Projet\standalone
	jboss.server.config.dir = C:\Users\clement\Desktop\Perso Clem\ESEO\I3\Composants Logiciels\Projet\Bean-Project-ESEO\wildfly-21.0.0.Final_Projet\standalone\configuration
	jboss.server.data.dir = C:\Users\clement\Desktop\Perso Clem\ESEO\I3\Composants Logiciels\Projet\Bean-Project-ESEO\wildfly-21.0.0.Final_Projet\standalone\data
	jboss.server.deploy.dir = C:\Users\clement\Desktop\Perso Clem\ESEO\I3\Composants Logiciels\Projet\Bean-Project-ESEO\wildfly-21.0.0.Final_Projet\standalone\data\content
	jboss.server.log.dir = C:\Users\clement\Desktop\Perso Clem\ESEO\I3\Composants Logiciels\Projet\Bean-Project-ESEO\wildfly-21.0.0.Final_Projet\standalone\log
	jboss.server.name = laptop-i6mgnojc
	jboss.server.persist.config = true
	jboss.server.temp.dir = C:\Users\clement\Desktop\Perso Clem\ESEO\I3\Composants Logiciels\Projet\Bean-Project-ESEO\wildfly-21.0.0.Final_Projet\standalone\tmp
	jdk.debug = release
	line.separator = 

	logging.configuration = file:C:\Users\clement\Desktop\Perso Clem\ESEO\I3\Composants Logiciels\Projet\Bean-Project-ESEO\wildfly-21.0.0.Final_Projet\standalone\configuration\logging.properties
	module.path = C:\Users\clement\Desktop\Perso Clem\ESEO\I3\Composants Logiciels\Projet\Bean-Project-ESEO\wildfly-21.0.0.Final_Projet\modules
	org.jboss.boot.log.file = C:\Users\clement\Desktop\Perso Clem\ESEO\I3\Composants Logiciels\Projet\Bean-Project-ESEO\wildfly-21.0.0.Final_Projet\standalone\log\boot.log
	org.jboss.logmanager.nocolor = true
	org.jboss.resolver.warning = true
	os.arch = amd64
	os.name = Windows 10
	os.version = 10.0
	path.separator = ;
	program.name = JBossTools: ProjetEJB
	sun.arch.data.model = 64
	sun.boot.library.path = C:\Users\clement\.p2\pool\plugins\org.eclipse.justj.openjdk.hotspot.jre.full.win32.x86_64_14.0.2.v20200815-0932\jre\bin
	sun.cpu.endian = little
	sun.cpu.isalist = amd64
	sun.io.unicode.encoding = UnicodeLittle
	sun.java.command = org.jboss.modules.Main -mp C:\Users\clement\Desktop\Perso Clem\ESEO\I3\Composants Logiciels\Projet\Bean-Project-ESEO\wildfly-21.0.0.Final_Projet\modules org.jboss.as.standalone -b localhost --server-config=standalone-full.xml -Djboss.server.base.dir=C:\Users\clement\Desktop\Perso Clem\ESEO\I3\Composants Logiciels\Projet\Bean-Project-ESEO\wildfly-21.0.0.Final_Projet\standalone
	sun.java.launcher = SUN_STANDARD
	sun.jnu.encoding = Cp1252
	sun.management.compiler = HotSpot 64-Bit Tiered Compilers
	sun.os.patch.level = 
	sun.rmi.dgc.client.gcInterval = 3600000
	sun.rmi.dgc.server.gcInterval = 3600000
	user.country = FR
	user.dir = C:\Users\clement\Desktop\Perso Clem\ESEO\I3\Composants Logiciels\Projet\Bean-Project-ESEO\wildfly-21.0.0.Final_Projet\bin
	user.home = C:\Users\clement
	user.language = fr
	user.name = cleme
	user.script = 
	user.timezone = Europe/Paris
	user.variant = 
2021-01-05 10:48:08,114 DEBUG [org.jboss.as.config] (MSC service thread 1-2) VM Arguments: -Dprogram.name=JBossTools: ProjetEJB -Xms64m -Xmx512m -Dorg.jboss.resolver.warning=true -Djava.net.preferIPv4Stack=true -Dsun.rmi.dgc.client.gcInterval=3600000 -Dsun.rmi.dgc.server.gcInterval=3600000 -Djboss.modules.system.pkgs=org.jboss.byteman -Djava.awt.headless=true -Dorg.jboss.boot.log.file=C:\Users\clement\Desktop\Perso Clem\ESEO\I3\Composants Logiciels\Projet\Bean-Project-ESEO\wildfly-21.0.0.Final_Projet\standalone\log\boot.log -Dlogging.configuration=file:C:\Users\clement\Desktop\Perso Clem\ESEO\I3\Composants Logiciels\Projet\Bean-Project-ESEO\wildfly-21.0.0.Final_Projet\standalone\configuration\logging.properties -Djboss.home.dir=C:\Users\clement\Desktop\Perso Clem\ESEO\I3\Composants Logiciels\Projet\Bean-Project-ESEO\wildfly-21.0.0.Final_Projet -Dorg.jboss.logmanager.nocolor=true --add-exports=java.base/sun.nio.ch=ALL-UNNAMED --add-exports=jdk.unsupported/sun.misc=ALL-UNNAMED --add-exports=jdk.unsupported/sun.reflect=ALL-UNNAMED --add-modules=java.se -Djboss.bind.address.management=localhost -Dfile.encoding=Cp1252 -XX:+ShowCodeDetailsInExceptionMessages 
2021-01-05 10:48:09,124 INFO  [org.wildfly.security] (ServerService Thread Pool -- 29) ELY00001: WildFly Elytron version 1.13.1.Final
2021-01-05 10:48:09,878 INFO  [org.jboss.as.controller.management-deprecated] (Controller Boot Thread) WFLYCTL0028: Attribute 'security-realm' in the resource at address '/core-service=management/management-interface=http-interface' is deprecated, and may be removed in a future version. See the attribute description in the output of the read-resource-description operation to learn more about the deprecation.
2021-01-05 10:48:09,917 INFO  [org.jboss.as.controller.management-deprecated] (ServerService Thread Pool -- 10) WFLYCTL0028: Attribute 'security-realm' in the resource at address '/subsystem=undertow/server=default-server/https-listener=https' is deprecated, and may be removed in a future version. See the attribute description in the output of the read-resource-description operation to learn more about the deprecation.
2021-01-05 10:48:10,010 INFO  [org.jboss.as.server] (Controller Boot Thread) WFLYSRV0039: Creating http management service using socket-binding (management-http)
2021-01-05 10:48:10,028 INFO  [org.xnio] (MSC service thread 1-7) XNIO version 3.8.2.Final
2021-01-05 10:48:10,035 INFO  [org.xnio.nio] (MSC service thread 1-7) XNIO NIO Implementation Version 3.8.2.Final
2021-01-05 10:48:10,098 INFO  [org.jboss.as.clustering.infinispan] (ServerService Thread Pool -- 56) WFLYCLINF0001: Activating Infinispan subsystem.
2021-01-05 10:48:10,121 INFO  [org.jboss.as.connector.subsystems.datasources] (ServerService Thread Pool -- 47) WFLYJCA0004: Deploying JDBC-compliant driver class org.h2.Driver (version 1.4)
2021-01-05 10:48:10,149 INFO  [org.wildfly.extension.microprofile.jwt.smallrye._private] (ServerService Thread Pool -- 69) WFLYJWT0001: Activating WildFly MicroProfile JWT Subsystem
2021-01-05 10:48:10,165 INFO  [org.jboss.as.security] (ServerService Thread Pool -- 78) WFLYSEC0002: Activating Security Subsystem
2021-01-05 10:48:10,173 INFO  [org.wildfly.extension.microprofile.config.smallrye._private] (ServerService Thread Pool -- 67) WFLYCONF0001: Activating WildFly MicroProfile Config Subsystem
2021-01-05 10:48:10,176 INFO  [org.wildfly.iiop.openjdk] (ServerService Thread Pool -- 55) WFLYIIOP0001: Activating IIOP Subsystem
2021-01-05 10:48:10,176 INFO  [org.wildfly.extension.microprofile.opentracing] (ServerService Thread Pool -- 71) WFLYTRACEXT0001: Activating MicroProfile OpenTracing Subsystem
2021-01-05 10:48:10,179 INFO  [org.jboss.as.jsf] (ServerService Thread Pool -- 63) WFLYJSF0007: Activated the following JSF Implementations: [main]
2021-01-05 10:48:10,178 WARN  [org.jboss.as.txn] (ServerService Thread Pool -- 80) WFLYTX0013: The node-identifier attribute on the /subsystem=transactions is set to the default value. This is a danger for environments running multiple servers. Please make sure the attribute value is unique.
2021-01-05 10:48:10,190 INFO  [org.jboss.as.security] (MSC service thread 1-3) WFLYSEC0001: Current PicketBox version=5.0.3.Final-redhat-00006
2021-01-05 10:48:10,181 INFO  [org.jboss.as.webservices] (ServerService Thread Pool -- 82) WFLYWS0002: Activating WebServices Extension
2021-01-05 10:48:10,219 INFO  [org.jboss.as.connector] (MSC service thread 1-1) WFLYJCA0009: Starting JCA Subsystem (WildFly/IronJacamar 1.4.23.Final)
2021-01-05 10:48:10,235 INFO  [org.wildfly.extension.microprofile.health.smallrye] (ServerService Thread Pool -- 68) WFLYHEALTH0001: Activating Eclipse MicroProfile Health Subsystem
2021-01-05 10:48:10,238 INFO  [org.wildfly.extension.undertow] (MSC service thread 1-4) WFLYUT0003: Undertow 2.2.2.Final starting
2021-01-05 10:48:10,242 INFO  [org.wildfly.extension.microprofile.metrics.smallrye] (ServerService Thread Pool -- 70) WFLYMETRICS0001: Activating Eclipse MicroProfile Metrics Subsystem
2021-01-05 10:48:10,275 INFO  [org.jboss.as.naming] (ServerService Thread Pool -- 72) WFLYNAM0001: Activating Naming Subsystem
2021-01-05 10:48:10,284 INFO  [org.jboss.as.connector.deployers.jdbc] (MSC service thread 1-1) WFLYJCA0018: Started Driver service with driver-name = h2
2021-01-05 10:48:10,276 INFO  [org.jboss.as.jaxrs] (ServerService Thread Pool -- 58) WFLYRS0016: RESTEasy version 3.13.2.Final
2021-01-05 10:48:10,395 INFO  [org.jboss.as.naming] (MSC service thread 1-5) WFLYNAM0003: Starting Naming Service
2021-01-05 10:48:10,457 INFO  [org.jboss.as.mail.extension] (MSC service thread 1-1) WFLYMAIL0001: Bound mail session [java:jboss/mail/Default]
2021-01-05 10:48:10,479 INFO  [org.wildfly.extension.undertow] (ServerService Thread Pool -- 81) WFLYUT0014: Creating file handler for path 'C:\Users\clement\Desktop\Perso Clem\ESEO\I3\Composants Logiciels\Projet\Bean-Project-ESEO\wildfly-21.0.0.Final_Projet/welcome-content' with options [directory-listing: 'false', follow-symlink: 'false', case-sensitive: 'true', safe-symlink-paths: '[]']
2021-01-05 10:48:11,108 INFO  [org.wildfly.extension.io] (ServerService Thread Pool -- 57) WFLYIO001: Worker 'default' has auto-configured to 16 IO threads with 128 max task threads based on your 8 available processors
2021-01-05 10:48:11,113 INFO  [org.jboss.as.ejb3] (MSC service thread 1-8) WFLYEJB0481: Strict pool slsb-strict-max-pool is using a max instance size of 128 (per class), which is derived from thread worker pool sizing.
2021-01-05 10:48:11,112 INFO  [org.jboss.as.ejb3] (MSC service thread 1-6) WFLYEJB0482: Strict pool mdb-strict-max-pool is using a max instance size of 32 (per class), which is derived from the number of CPUs on this host.
2021-01-05 10:48:11,141 INFO  [org.jboss.as.patching] (MSC service thread 1-8) WFLYPAT0050: WildFly Full cumulative patch ID is: base, one-off patches include: none
2021-01-05 10:48:11,152 INFO  [org.jboss.remoting] (MSC service thread 1-3) JBoss Remoting version 5.0.19.Final
2021-01-05 10:48:11,163 WARN  [org.jboss.as.domain.management.security] (MSC service thread 1-1) WFLYDM0111: Keystore C:\Users\clement\Desktop\Perso Clem\ESEO\I3\Composants Logiciels\Projet\Bean-Project-ESEO\wildfly-21.0.0.Final_Projet\standalone\configuration\application.keystore not found, it will be auto generated on first use with a self signed certificate for host localhost
2021-01-05 10:48:11,165 INFO  [org.wildfly.extension.undertow] (MSC service thread 1-7) WFLYUT0012: Started server default-server.
2021-01-05 10:48:11,167 INFO  [org.wildfly.extension.undertow] (MSC service thread 1-7) WFLYUT0018: Host default-host starting
2021-01-05 10:48:11,168 INFO  [org.jboss.as.server.deployment.scanner] (MSC service thread 1-5) WFLYDS0013: Started FileSystemDeploymentService for directory C:\Users\clement\Desktop\Perso Clem\ESEO\I3\Composants Logiciels\Projet\Bean-Project-ESEO\wildfly-21.0.0.Final_Projet\standalone\deployments
2021-01-05 10:48:11,227 INFO  [org.wildfly.extension.undertow] (MSC service thread 1-7) WFLYUT0006: Undertow HTTP listener default listening on 127.0.0.1:8080
2021-01-05 10:48:11,253 INFO  [org.jboss.as.ejb3] (MSC service thread 1-3) WFLYEJB0493: EJB subsystem suspension complete
2021-01-05 10:48:11,273 INFO  [org.wildfly.extension.messaging-activemq] (MSC service thread 1-7) WFLYMSGAMQ0001: AIO wasn't located on this platform, it will fall back to using pure Java NIO.
2021-01-05 10:48:11,428 INFO  [org.wildfly.extension.undertow] (MSC service thread 1-5) WFLYUT0006: Undertow HTTPS listener https listening on 127.0.0.1:8443
2021-01-05 10:48:11,430 INFO  [org.jboss.as.connector.subsystems.datasources] (MSC service thread 1-5) WFLYJCA0001: Bound data source [java:jboss/datasources/ExampleDS]
2021-01-05 10:48:11,431 INFO  [org.wildfly.iiop.openjdk] (MSC service thread 1-4) WFLYIIOP0009: CORBA ORB Service started
2021-01-05 10:48:11,445 INFO  [org.apache.activemq.artemis.core.server] (ServerService Thread Pool -- 84) AMQ221000: live Message Broker is starting with configuration Broker Configuration (clustered=false,journalDirectory=C:\Users\clement\Desktop\Perso Clem\ESEO\I3\Composants Logiciels\Projet\Bean-Project-ESEO\wildfly-21.0.0.Final_Projet\standalone\data\activemq\journal,bindingsDirectory=C:\Users\clement\Desktop\Perso Clem\ESEO\I3\Composants Logiciels\Projet\Bean-Project-ESEO\wildfly-21.0.0.Final_Projet\standalone\data\activemq\bindings,largeMessagesDirectory=C:\Users\clement\Desktop\Perso Clem\ESEO\I3\Composants Logiciels\Projet\Bean-Project-ESEO\wildfly-21.0.0.Final_Projet\standalone\data\activemq\largemessages,pagingDirectory=C:\Users\clement\Desktop\Perso Clem\ESEO\I3\Composants Logiciels\Projet\Bean-Project-ESEO\wildfly-21.0.0.Final_Projet\standalone\data\activemq\paging)
2021-01-05 10:48:11,497 INFO  [org.apache.activemq.artemis.core.server] (ServerService Thread Pool -- 84) AMQ221013: Using NIO Journal
2021-01-05 10:48:11,535 INFO  [org.jboss.ws.common.management] (MSC service thread 1-2) JBWS022052: Starting JBossWS 5.4.2.Final (Apache CXF 3.3.7) 
2021-01-05 10:48:11,577 INFO  [org.apache.activemq.artemis.core.server] (ServerService Thread Pool -- 84) AMQ221043: Protocol module found: [artemis-server]. Adding protocol support for: CORE
2021-01-05 10:48:11,579 INFO  [org.apache.activemq.artemis.core.server] (ServerService Thread Pool -- 84) AMQ221043: Protocol module found: [artemis-amqp-protocol]. Adding protocol support for: AMQP
2021-01-05 10:48:11,579 INFO  [org.apache.activemq.artemis.core.server] (ServerService Thread Pool -- 84) AMQ221043: Protocol module found: [artemis-hornetq-protocol]. Adding protocol support for: HORNETQ
2021-01-05 10:48:11,580 INFO  [org.apache.activemq.artemis.core.server] (ServerService Thread Pool -- 84) AMQ221043: Protocol module found: [artemis-stomp-protocol]. Adding protocol support for: STOMP
2021-01-05 10:48:11,646 INFO  [org.apache.activemq.artemis.core.server] (ServerService Thread Pool -- 84) AMQ221034: Waiting indefinitely to obtain live lock
2021-01-05 10:48:11,647 INFO  [org.apache.activemq.artemis.core.server] (ServerService Thread Pool -- 84) AMQ221035: Live Server Obtained live lock
2021-01-05 10:48:12,811 INFO  [org.apache.activemq.artemis.core.server] (ServerService Thread Pool -- 84) AMQ221003: Deploying ANYCAST queue jms.queue.ExpiryQueue on address jms.queue.ExpiryQueue
2021-01-05 10:48:12,812 INFO  [org.apache.activemq.artemis.core.server] (ServerService Thread Pool -- 84) AMQ221003: Deploying ANYCAST queue jms.queue.DLQ on address jms.queue.DLQ
2021-01-05 10:48:12,814 INFO  [org.wildfly.extension.messaging-activemq] (MSC service thread 1-6) WFLYMSGAMQ0016: Registered HTTP upgrade for activemq-remoting protocol handled by http-acceptor-throughput acceptor
2021-01-05 10:48:12,814 INFO  [org.wildfly.extension.messaging-activemq] (MSC service thread 1-7) WFLYMSGAMQ0016: Registered HTTP upgrade for activemq-remoting protocol handled by http-acceptor acceptor
2021-01-05 10:48:12,814 INFO  [org.wildfly.extension.messaging-activemq] (MSC service thread 1-4) WFLYMSGAMQ0016: Registered HTTP upgrade for activemq-remoting protocol handled by http-acceptor-throughput acceptor
2021-01-05 10:48:12,814 INFO  [org.wildfly.extension.messaging-activemq] (MSC service thread 1-2) WFLYMSGAMQ0016: Registered HTTP upgrade for activemq-remoting protocol handled by http-acceptor acceptor
2021-01-05 10:48:12,998 INFO  [org.apache.activemq.artemis.core.server] (ServerService Thread Pool -- 84) AMQ221007: Server is now live
2021-01-05 10:48:12,999 INFO  [org.apache.activemq.artemis.core.server] (ServerService Thread Pool -- 84) AMQ221001: Apache ActiveMQ Artemis Message Broker version 2.10.1 [default, nodeID=71c0592f-3bc1-11eb-af1f-80913336cc7d] 
2021-01-05 10:48:13,019 INFO  [org.wildfly.extension.messaging-activemq] (ServerService Thread Pool -- 87) WFLYMSGAMQ0002: Bound messaging object to jndi name java:/ConnectionFactory
2021-01-05 10:48:13,020 INFO  [org.wildfly.extension.messaging-activemq] (ServerService Thread Pool -- 85) WFLYMSGAMQ0002: Bound messaging object to jndi name java:jboss/exported/jms/RemoteConnectionFactory
2021-01-05 10:48:13,100 INFO  [org.jboss.as.connector.deployment] (MSC service thread 1-7) WFLYJCA0007: Registered connection factory java:/JmsXA
2021-01-05 10:48:13,146 INFO  [org.apache.activemq.artemis.ra] (MSC service thread 1-7) AMQ151007: Resource adaptor started
2021-01-05 10:48:13,147 INFO  [org.jboss.as.connector.services.resourceadapters.ResourceAdapterActivatorService$ResourceAdapterActivator] (MSC service thread 1-7) IJ020002: Deployed: file://RaActivatoractivemq-ra
2021-01-05 10:48:13,149 INFO  [org.jboss.as.connector.deployment] (MSC service thread 1-5) WFLYJCA0002: Bound JCA ConnectionFactory [java:/JmsXA]
2021-01-05 10:48:13,149 INFO  [org.jboss.as.connector.deployment] (MSC service thread 1-4) WFLYJCA0118: Binding connection factory named java:/JmsXA to alias java:jboss/DefaultJMSConnectionFactory
2021-01-05 10:48:13,400 INFO  [org.jboss.as.server] (Controller Boot Thread) WFLYSRV0212: Resuming server
2021-01-05 10:48:13,407 INFO  [org.jboss.as] (Controller Boot Thread) WFLYSRV0025: WildFly Full 21.0.0.Final (WildFly Core 13.0.1.Final) started in 6646ms - Started 357 of 620 services (386 services are lazy, passive or on-demand)
2021-01-05 10:48:13,412 INFO  [org.jboss.as] (Controller Boot Thread) WFLYSRV0060: Http management interface listening on http://127.0.0.1:9990/management
2021-01-05 10:48:13,412 INFO  [org.jboss.as] (Controller Boot Thread) WFLYSRV0051: Admin console listening on http://127.0.0.1:9990
2021-01-05 10:49:01,827 INFO  [org.jboss.as.server] (management-handler-thread - 2) WFLYSRV0272: Suspending server
2021-01-05 10:49:01,842 INFO  [org.jboss.as.ejb3] (management-handler-thread - 2) WFLYEJB0493: EJB subsystem suspension complete
2021-01-05 10:49:01,843 INFO  [org.jboss.as.server] (Management Triggered Shutdown) WFLYSRV0241: Shutting down in response to management operation 'shutdown'
2021-01-05 10:49:01,860 INFO  [org.jboss.as.connector.deployment] (MSC service thread 1-6) WFLYJCA0119: Unbinding connection factory named java:/JmsXA to alias java:jboss/DefaultJMSConnectionFactory
2021-01-05 10:49:01,861 INFO  [org.jboss.as.connector.subsystems.datasources] (MSC service thread 1-6) WFLYJCA0010: Unbound data source [java:jboss/datasources/ExampleDS]
2021-01-05 10:49:01,874 INFO  [org.jboss.as.mail.extension] (MSC service thread 1-5) WFLYMAIL0002: Unbound mail session [java:jboss/mail/Default]
2021-01-05 10:49:01,873 INFO  [org.jboss.as.connector.deployment] (MSC service thread 1-8) WFLYJCA0011: Unbound JCA ConnectionFactory [java:/JmsXA]
2021-01-05 10:49:01,878 INFO  [org.wildfly.extension.undertow] (MSC service thread 1-8) WFLYUT0008: Undertow HTTPS listener https suspending
2021-01-05 10:49:01,881 INFO  [org.wildfly.extension.undertow] (MSC service thread 1-8) WFLYUT0007: Undertow HTTPS listener https stopped, was bound to 127.0.0.1:8443
2021-01-05 10:49:01,882 INFO  [org.wildfly.extension.undertow] (MSC service thread 1-6) WFLYUT0019: Host default-host stopping
2021-01-05 10:49:01,884 INFO  [org.wildfly.extension.messaging-activemq] (ServerService Thread Pool -- 35) WFLYMSGAMQ0006: Unbound messaging object to jndi name java:/ConnectionFactory
2021-01-05 10:49:01,886 INFO  [org.jboss.as.connector.deployers.jdbc] (MSC service thread 1-4) WFLYJCA0019: Stopped Driver service with driver-name = h2
2021-01-05 10:49:01,908 INFO  [org.apache.activemq.artemis.ra] (ServerService Thread Pool -- 93) AMQ151003: resource adaptor stopped
2021-01-05 10:49:02,051 INFO  [org.apache.activemq.artemis.core.server] (ServerService Thread Pool -- 93) AMQ221002: Apache ActiveMQ Artemis Message Broker version 2.10.1 [71c0592f-3bc1-11eb-af1f-80913336cc7d] stopped, uptime 50.655 seconds
2021-01-05 10:49:02,052 INFO  [org.wildfly.extension.undertow] (MSC service thread 1-2) WFLYUT0008: Undertow HTTP listener default suspending
2021-01-05 10:49:02,053 INFO  [org.wildfly.extension.undertow] (MSC service thread 1-2) WFLYUT0007: Undertow HTTP listener default stopped, was bound to 127.0.0.1:8080
2021-01-05 10:49:02,054 INFO  [org.wildfly.extension.undertow] (MSC service thread 1-1) WFLYUT0004: Undertow 2.2.2.Final stopping
2021-01-05 10:49:02,066 INFO  [org.jboss.as] (MSC service thread 1-5) WFLYSRV0050: WildFly Full 21.0.0.Final (WildFly Core 13.0.1.Final) stopped in 208ms
